  cDiem.cpp
  cTamGiac.cpp
D:\VS code\OOP\THUC HANH\IT002-Lab03\IT002-Lab03\Bai 1 cTamGiac\cDiem.cpp(3,1): error C2059: syntax error: 'using namespace'
D:\VS code\OOP\THUC HANH\IT002-Lab03\IT002-Lab03\Bai 1 cTamGiac\cDiem.cpp(11,9): warning C4244: 'return': conversion from 'double' to 'float', possible loss of data
D:\VS code\OOP\THUC HANH\IT002-Lab03\IT002-Lab03\Bai 1 cTamGiac\cDiem.cpp(14,9): warning C4244: 'return': conversion from 'double' to 'float', possible loss of data
D:\VS code\OOP\THUC HANH\IT002-Lab03\IT002-Lab03\Bai 1 cTamGiac\cDiem.cpp(22,2): error C2065: 'cin': undeclared identifier
D:\VS code\OOP\THUC HANH\IT002-Lab03\IT002-Lab03\Bai 1 cTamGiac\cDiem.cpp(26,2): error C2065: 'cout': undeclared identifier
D:\VS code\OOP\THUC HANH\IT002-Lab03\IT002-Lab03\Bai 1 cTamGiac\cDiem.cpp(75,13): warning C4244: 'return': conversion from 'double' to 'float', possible loss of data
C:\Program Files\Microsoft Visual Studio\2022\Community\VC\Tools\MSVC\14.43.34808\include\string(23,1): error C2059: syntax error: 'namespace'
  (compiling source file 'cTamGiac.cpp')
  
C:\Program Files\Microsoft Visual Studio\2022\Community\VC\Tools\MSVC\14.43.34808\include\string(23,1): error C2143: syntax error: missing ';' before '{'
  (compiling source file 'cTamGiac.cpp')
  
C:\Program Files\Microsoft Visual Studio\2022\Community\VC\Tools\MSVC\14.43.34808\include\string(23,1): error C2447: '{': missing function header (old-style formal list?)
  (compiling source file 'cTamGiac.cpp')
  
D:\VS code\OOP\THUC HANH\IT002-Lab03\IT002-Lab03\Bai 1 cTamGiac\cTamGiac.cpp(69,12): warning C4244: 'argument': conversion from 'double' to 'float', possible loss of data
D:\VS code\OOP\THUC HANH\IT002-Lab03\IT002-Lab03\Bai 1 cTamGiac\cTamGiac.cpp(70,12): warning C4244: 'argument': conversion from 'double' to 'float', possible loss of data
D:\VS code\OOP\THUC HANH\IT002-Lab03\IT002-Lab03\Bai 1 cTamGiac\cTamGiac.cpp(71,12): warning C4244: 'argument': conversion from 'double' to 'float', possible loss of data
D:\VS code\OOP\THUC HANH\IT002-Lab03\IT002-Lab03\Bai 1 cTamGiac\cTamGiac.cpp(79,11): warning C4244: 'argument': conversion from 'double' to 'float', possible loss of data
D:\VS code\OOP\THUC HANH\IT002-Lab03\IT002-Lab03\Bai 1 cTamGiac\cTamGiac.cpp(80,11): warning C4244: 'argument': conversion from 'double' to 'float', possible loss of data
D:\VS code\OOP\THUC HANH\IT002-Lab03\IT002-Lab03\Bai 1 cTamGiac\cTamGiac.cpp(81,11): warning C4244: 'argument': conversion from 'double' to 'float', possible loss of data
  main.cpp
C:\Program Files\Microsoft Visual Studio\2022\Community\VC\Tools\MSVC\14.43.34808\include\string(23,1): error C2059: syntax error: 'namespace'
  (compiling source file 'main.cpp')
  
C:\Program Files\Microsoft Visual Studio\2022\Community\VC\Tools\MSVC\14.43.34808\include\string(23,1): error C2143: syntax error: missing ';' before '{'
  (compiling source file 'main.cpp')
  
C:\Program Files\Microsoft Visual Studio\2022\Community\VC\Tools\MSVC\14.43.34808\include\string(23,1): error C2447: '{': missing function header (old-style formal list?)
  (compiling source file 'main.cpp')
  
D:\VS code\OOP\THUC HANH\IT002-Lab03\IT002-Lab03\Bai 1 cTamGiac\main.cpp(22,21): warning C4244: 'argument': conversion from 'double' to 'float', possible loss of data
D:\VS code\OOP\THUC HANH\IT002-Lab03\IT002-Lab03\Bai 1 cTamGiac\main.cpp(22,17): warning C4244: 'argument': conversion from 'double' to 'float', possible loss of data
  Generating Code...
